# JRE version: Java(TM) SE Runtime Environment (14.0.2+12) (build 14.0.2+12-46)
# Java VM: Java HotSpot(TM) 64-Bit Server VM (14.0.2+12-46, mixed mode, sharing, tiered, compressed oops, g1 gc, windows-amd64)
Heap:
 garbage-first heap   total 157696K, used 71834K [0x0000000081e00000, 0x0000000100000000)
  region size 1024K, 49 young (50176K), 7 survivors (7168K)
 Metaspace       used 5483K, capacity 6584K, committed 6784K, reserved 1056768K
  class space    used 418K, capacity 569K, committed 640K, reserved 1048576K
GC Heap History (14 events):
Event: 3.996 GC heap before
{Heap before GC invocations=0 (full 0):
 garbage-first heap   total 131072K, used 12288K [0x0000000081e00000, 0x0000000100000000)
  region size 1024K, 13 young (13312K), 0 survivors (0K)
 Metaspace       used 3053K, capacity 6060K, committed 6400K, reserved 1056768K
  class space    used 194K, capacity 495K, committed 512K, reserved 1048576K
}
Event: 4.001 GC heap after
{Heap after GC invocations=1 (full 0):
 garbage-first heap   total 131072K, used 1912K [0x0000000081e00000, 0x0000000100000000)
  region size 1024K, 2 young (2048K), 2 survivors (2048K)
 Metaspace       used 3053K, capacity 6060K, committed 6400K, reserved 1056768K
  class space    used 194K, capacity 495K, committed 512K, reserved 1048576K
}
Event: 4.224 GC heap before
{Heap before GC invocations=1 (full 0):
 garbage-first heap   total 131072K, used 17272K [0x0000000081e00000, 0x0000000100000000)
  region size 1024K, 18 young (18432K), 2 survivors (2048K)
 Metaspace       used 3066K, capacity 6060K, committed 6400K, reserved 1056768K
  class space    used 194K, capacity 495K, committed 512K, reserved 1048576K
}
Event: 4.231 GC heap after
{Heap after GC invocations=2 (full 0):
 garbage-first heap   total 131072K, used 2735K [0x0000000081e00000, 0x0000000100000000)
  region size 1024K, 1 young (1024K), 1 survivors (1024K)
 Metaspace       used 3066K, capacity 6060K, committed 6400K, reserved 1056768K
  class space    used 194K, capacity 495K, committed 512K, reserved 1048576K
}
Event: 4.586 GC heap before
{Heap before GC invocations=2 (full 0):
 garbage-first heap   total 131072K, used 80559K [0x0000000081e00000, 0x0000000100000000)
  region size 1024K, 76 young (77824K), 1 survivors (1024K)
 Metaspace       used 3095K, capacity 6124K, committed 6400K, reserved 1056768K
  class space    used 194K, capacity 495K, committed 512K, reserved 1048576K
}
Event: 4.599 GC heap after
{Heap after GC invocations=3 (full 0):
 garbage-first heap   total 131072K, used 7758K [0x0000000081e00000, 0x0000000100000000)
  region size 1024K, 5 young (5120K), 5 survivors (5120K)
 Metaspace       used 3095K, capacity 6124K, committed 6400K, reserved 1056768K
  class space    used 194K, capacity 495K, committed 512K, reserved 1048576K
}
Event: 4.886 GC heap before
{Heap before GC invocations=3 (full 0):
 garbage-first heap   total 131072K, used 84558K [0x0000000081e00000, 0x0000000100000000)
  region size 1024K, 76 young (77824K), 5 survivors (5120K)
 Metaspace       used 3095K, capacity 6124K, committed 6400K, reserved 1056768K
  class space    used 194K, capacity 495K, committed 512K, reserved 1048576K
}
Event: 4.937 GC heap after
{Heap after GC invocations=4 (full 0):
 garbage-first heap   total 131072K, used 14435K [0x0000000081e00000, 0x0000000100000000)
  region size 1024K, 8 young (8192K), 8 survivors (8192K)
 Metaspace       used 3095K, capacity 6124K, committed 6400K, reserved 1056768K
  class space    used 194K, capacity 495K, committed 512K, reserved 1048576K
}
Event: 17.598 GC heap before
{Heap before GC invocations=4 (full 0):
 garbage-first heap   total 131072K, used 113763K [0x0000000081e00000, 0x0000000100000000)
  region size 1024K, 76 young (77824K), 8 survivors (8192K)
 Metaspace       used 5412K, capacity 6520K, committed 6784K, reserved 1056768K
  class space    used 413K, capacity 569K, committed 640K, reserved 1048576K
}
Event: 17.642 GC heap after
{Heap after GC invocations=5 (full 0):
 garbage-first heap   total 131072K, used 15379K [0x0000000081e00000, 0x0000000100000000)
  region size 1024K, 6 young (6144K), 6 survivors (6144K)
 Metaspace       used 5412K, capacity 6520K, committed 6784K, reserved 1056768K
  class space    used 413K, capacity 569K, committed 640K, reserved 1048576K
}
Event: 17.875 GC heap before
{Heap before GC invocations=5 (full 0):
 garbage-first heap   total 131072K, used 88083K [0x0000000081e00000, 0x0000000100000000)
  region size 1024K, 76 young (77824K), 6 survivors (6144K)
 Metaspace       used 5412K, capacity 6520K, committed 6784K, reserved 1056768K
  class space    used 413K, capacity 569K, committed 640K, reserved 1048576K
}
Event: 17.905 GC heap after
{Heap after GC invocations=6 (full 0):
 garbage-first heap   total 131072K, used 20487K [0x0000000081e00000, 0x0000000100000000)
  region size 1024K, 10 young (10240K), 10 survivors (10240K)
 Metaspace       used 5412K, capacity 6520K, committed 6784K, reserved 1056768K
  class space    used 413K, capacity 569K, committed 640K, reserved 1048576K
}
Event: 18.106 GC heap before
{Heap before GC invocations=6 (full 0):
 garbage-first heap   total 131072K, used 90119K [0x0000000081e00000, 0x0000000100000000)
  region size 1024K, 76 young (77824K), 10 survivors (10240K)
 Metaspace       used 5412K, capacity 6520K, committed 6784K, reserved 1056768K
  class space    used 413K, capacity 569K, committed 640K, reserved 1048576K
}
Event: 18.156 GC heap after
{Heap after GC invocations=7 (full 0):
 garbage-first heap   total 157696K, used 24730K [0x0000000081e00000, 0x0000000100000000)
  region size 1024K, 7 young (7168K), 7 survivors (7168K)
 Metaspace       used 5412K, capacity 6520K, committed 6784K, reserved 1056768K
  class space    used 413K, capacity 569K, committed 640K, reserved 1048576K
}

